<?xml version="1.0" encoding="UTF-8"?>
<!-- Generated by org.testng.reporters.JUnitReportReporter -->
<testsuite skipped="0" hostname="Shubham" name="Demo" tests="1" failures="0" timestamp="2021-05-30T12:34:49 IST" time="0.012" errors="0">
  <testcase name="test" time="0.012" classname="Demo"/>
  <system-out/>
</testsuite> <!-- Demo -->
